<?xml version="1.0" encoding="UTF-8"?>
<testng-results skipped="0" failed="2" ignored="0" total="8" passed="6">
  <reporter-output>
  </reporter-output>
  <suite name="Regression" duration-ms="190490" started-at="2022-08-27T12:57:06 IST" finished-at="2022-08-27T13:00:17 IST">
    <groups>
      <group name="cucumber">
        <method signature="AbstractTestNGCucumberTests.runScenario(io.cucumber.testng.PickleWrapper, io.cucumber.testng.FeatureWrapper)[pri:0, instance:cucumberOptions.TestNGTestRunner@cb0ed20]" name="runScenario" class="io.cucumber.testng.AbstractTestNGCucumberTests"/>
      </group> <!-- cucumber -->
    </groups>
    <test name="Window" duration-ms="190490" started-at="2022-08-27T12:57:06 IST" finished-at="2022-08-27T13:00:17 IST">
      <class name="cucumberOptions.TestNGTestRunner">
        <test-method status="PASS" signature="setUpClass(org.testng.ITestContext)[pri:0, instance:cucumberOptions.TestNGTestRunner@cb0ed20]" name="setUpClass" is-config="true" duration-ms="874" started-at="2022-08-27T12:57:06 IST" finished-at="2022-08-27T12:57:07 IST">
          <params>
            <param index="0">
              <value>
                <![CDATA[org.testng.TestRunner@66298fe9]]>
              </value>
            </param>
          </params>
          <reporter-output>
          </reporter-output>
        </test-method> <!-- setUpClass -->
        <test-method status="PASS" signature="runScenario(io.cucumber.testng.PickleWrapper, io.cucumber.testng.FeatureWrapper)[pri:0, instance:cucumberOptions.TestNGTestRunner@cb0ed20]" name="runScenario" duration-ms="35052" started-at="2022-08-27T12:57:07 IST" description="Runs Cucumber Scenarios" data-provider="scenarios" finished-at="2022-08-27T12:57:42 IST">
          <params>
            <param index="0">
              <value>
                <![CDATA["Search Experience for product search in both home and offers page"]]>
              </value>
            </param>
            <param index="1">
              <value>
                <![CDATA["Place the order for Products"]]>
              </value>
            </param>
          </params>
          <reporter-output>
          </reporter-output>
        </test-method> <!-- runScenario -->
        <test-method status="PASS" signature="runScenario(io.cucumber.testng.PickleWrapper, io.cucumber.testng.FeatureWrapper)[pri:0, instance:cucumberOptions.TestNGTestRunner@cb0ed20]" name="runScenario" duration-ms="23606" started-at="2022-08-27T12:57:42 IST" description="Runs Cucumber Scenarios" data-provider="scenarios" finished-at="2022-08-27T12:58:06 IST">
          <params>
            <param index="0">
              <value>
                <![CDATA["Search Experience for product search in both home and offers page"]]>
              </value>
            </param>
            <param index="1">
              <value>
                <![CDATA["Place the order for Products"]]>
              </value>
            </param>
          </params>
          <reporter-output>
          </reporter-output>
        </test-method> <!-- runScenario -->
        <test-method status="PASS" signature="runScenario(io.cucumber.testng.PickleWrapper, io.cucumber.testng.FeatureWrapper)[pri:0, instance:cucumberOptions.TestNGTestRunner@cb0ed20]" name="runScenario" duration-ms="22388" started-at="2022-08-27T12:58:06 IST" description="Runs Cucumber Scenarios" data-provider="scenarios" finished-at="2022-08-27T12:58:28 IST">
          <params>
            <param index="0">
              <value>
                <![CDATA["Search Experience for product search in both home and offers page"]]>
              </value>
            </param>
            <param index="1">
              <value>
                <![CDATA["Place the order for Products"]]>
              </value>
            </param>
          </params>
          <reporter-output>
          </reporter-output>
        </test-method> <!-- runScenario -->
        <test-method status="PASS" signature="runScenario(io.cucumber.testng.PickleWrapper, io.cucumber.testng.FeatureWrapper)[pri:0, instance:cucumberOptions.TestNGTestRunner@cb0ed20]" name="runScenario" duration-ms="21837" started-at="2022-08-27T12:58:28 IST" description="Runs Cucumber Scenarios" data-provider="scenarios" finished-at="2022-08-27T12:58:50 IST">
          <params>
            <param index="0">
              <value>
                <![CDATA["Search Experience for product search in both home and offers page"]]>
              </value>
            </param>
            <param index="1">
              <value>
                <![CDATA["Place the order for Products"]]>
              </value>
            </param>
          </params>
          <reporter-output>
          </reporter-output>
        </test-method> <!-- runScenario -->
        <test-method status="PASS" signature="runScenario(io.cucumber.testng.PickleWrapper, io.cucumber.testng.FeatureWrapper)[pri:0, instance:cucumberOptions.TestNGTestRunner@cb0ed20]" name="runScenario" duration-ms="22350" started-at="2022-08-27T12:58:50 IST" description="Runs Cucumber Scenarios" data-provider="scenarios" finished-at="2022-08-27T12:59:13 IST">
          <params>
            <param index="0">
              <value>
                <![CDATA["Search Experience for product search in both home and offers page"]]>
              </value>
            </param>
            <param index="1">
              <value>
                <![CDATA["Search and Place the order for Products"]]>
              </value>
            </param>
          </params>
          <reporter-output>
          </reporter-output>
        </test-method> <!-- runScenario -->
        <test-method status="FAIL" signature="runScenario(io.cucumber.testng.PickleWrapper, io.cucumber.testng.FeatureWrapper)[pri:0, instance:cucumberOptions.TestNGTestRunner@cb0ed20]" name="runScenario" duration-ms="19865" started-at="2022-08-27T12:59:13 IST" description="Runs Cucumber Scenarios" data-provider="scenarios" finished-at="2022-08-27T12:59:32 IST">
          <params>
            <param index="0">
              <value>
                <![CDATA["Search Experience for product search in both home and offers page"]]>
              </value>
            </param>
            <param index="1">
              <value>
                <![CDATA["Search and Place the order for Products"]]>
              </value>
            </param>
          </params>
          <exception class="java.lang.AssertionError">
            <message>
              <![CDATA[expected [Beetroot] but found [No data]]]>
            </message>
            <full-stacktrace>
              <![CDATA[java.lang.AssertionError: expected [Beetroot] but found [No data]
at org.testng.Assert.fail(Assert.java:97)
at org.testng.Assert.assertEqualsImpl(Assert.java:136)
at org.testng.Assert.assertEquals(Assert.java:118)
at org.testng.Assert.assertEquals(Assert.java:575)
at org.testng.Assert.assertEquals(Assert.java:585)
at stepDefinitions.GreenKartOfferPageStepDefinition.validate_product_name_in_offers_page_matches_with_landing_page(GreenKartOfferPageStepDefinition.java:65)
at ✽.validate product name in offers page matches with Landing Page(file:///D:/Users/Temp/Desktop/CucumberMiniProjectFramework/src/test/java/features/searchProduct.feature:8)
]]>
            </full-stacktrace>
          </exception> <!-- java.lang.AssertionError -->
          <reporter-output>
          </reporter-output>
        </test-method> <!-- runScenario -->
        <test-method status="FAIL" signature="runScenario(io.cucumber.testng.PickleWrapper, io.cucumber.testng.FeatureWrapper)[pri:0, instance:cucumberOptions.TestNGTestRunner@cb0ed20]" name="runScenario" duration-ms="20719" started-at="2022-08-27T12:59:32 IST" description="Runs Cucumber Scenarios" data-provider="scenarios" finished-at="2022-08-27T12:59:53 IST">
          <params>
            <param index="0">
              <value>
                <![CDATA["Search Experience for product search in both home and offers page"]]>
              </value>
            </param>
            <param index="1">
              <value>
                <![CDATA["Search and Place the order for Products"]]>
              </value>
            </param>
          </params>
          <exception class="java.lang.AssertionError">
            <message>
              <![CDATA[expected [Cucumber] but found [No data]]]>
            </message>
            <full-stacktrace>
              <![CDATA[java.lang.AssertionError: expected [Cucumber] but found [No data]
at org.testng.Assert.fail(Assert.java:97)
at org.testng.Assert.assertEqualsImpl(Assert.java:136)
at org.testng.Assert.assertEquals(Assert.java:118)
at org.testng.Assert.assertEquals(Assert.java:575)
at org.testng.Assert.assertEquals(Assert.java:585)
at stepDefinitions.GreenKartOfferPageStepDefinition.validate_product_name_in_offers_page_matches_with_landing_page(GreenKartOfferPageStepDefinition.java:65)
at ✽.validate product name in offers page matches with Landing Page(file:///D:/Users/Temp/Desktop/CucumberMiniProjectFramework/src/test/java/features/searchProduct.feature:8)
]]>
            </full-stacktrace>
          </exception> <!-- java.lang.AssertionError -->
          <reporter-output>
          </reporter-output>
        </test-method> <!-- runScenario -->
        <test-method status="PASS" signature="runScenario(io.cucumber.testng.PickleWrapper, io.cucumber.testng.FeatureWrapper)[pri:0, instance:cucumberOptions.TestNGTestRunner@cb0ed20]" name="runScenario" duration-ms="22565" started-at="2022-08-27T12:59:53 IST" description="Runs Cucumber Scenarios" data-provider="scenarios" finished-at="2022-08-27T13:00:16 IST">
          <params>
            <param index="0">
              <value>
                <![CDATA["Search Experience for product search in both home and offers page"]]>
              </value>
            </param>
            <param index="1">
              <value>
                <![CDATA["Search and Place the order for Products"]]>
              </value>
            </param>
          </params>
          <reporter-output>
          </reporter-output>
        </test-method> <!-- runScenario -->
        <test-method status="PASS" signature="tearDownClass()[pri:0, instance:cucumberOptions.TestNGTestRunner@cb0ed20]" name="tearDownClass" is-config="true" duration-ms="1150" started-at="2022-08-27T13:00:16 IST" finished-at="2022-08-27T13:00:17 IST">
          <reporter-output>
          </reporter-output>
        </test-method> <!-- tearDownClass -->
      </class> <!-- cucumberOptions.TestNGTestRunner -->
    </test> <!-- Window -->
  </suite> <!-- Regression -->
</testng-results>
